TimeMirror/build/outputs/logs/manifest-merger-debug-report.txt
-- Merging decision tree log ---
manifest
ADDED from TimeMirror\TimeMirror\AndroidManifest.xml:2:1-99:12
	package
		ADDED from TimeMirror\TimeMirror\AndroidManifest.xml:3:5-33
	android:versionName
		ADDED from TimeMirror\TimeMirror\AndroidManifest.xml:5:5-30
		INJECTED from TimeMirror\TimeMirror\AndroidManifest.xml
		INJECTED from TimeMirror\TimeMirror\AndroidManifest.xml
	android:versionCode
		ADDED from TimeMirror\TimeMirror\AndroidManifest.xml:4:5-28
		INJECTED from TimeMirror\TimeMirror\AndroidManifest.xml
		INJECTED from TimeMirror\TimeMirror\AndroidManifest.xml
	xmlns:android
		ADDED from TimeMirror\TimeMirror\AndroidManifest.xml:2:11-69
uses-sdk
ADDED from TimeMirror\TimeMirror\AndroidManifest.xml:7:5-9:41
	android:targetSdkVersion
		ADDED from TimeMirror\TimeMirror\AndroidManifest.xml:9:9-38
	android:minSdkVersion
		ADDED from TimeMirror\TimeMirror\AndroidManifest.xml:8:9-35
instrumentation
ADDED from TimeMirror\TimeMirror\AndroidManifest.xml:12:5-15:45
	android:label
		ADDED from TimeMirror\TimeMirror\AndroidManifest.xml:14:9-35
	android:targetPackage
		ADDED from TimeMirror\TimeMirror\AndroidManifest.xml:15:9-42
	android:name
		ADDED from TimeMirror\TimeMirror\AndroidManifest.xml:13:9-62
uses-permission#android.permission.GET_TASKS
ADDED from TimeMirror\TimeMirror\AndroidManifest.xml:18:5-68
	android:name
		ADDED from TimeMirror\TimeMirror\AndroidManifest.xml:18:22-65
uses-permission#android.permission.INTERNET
ADDED from TimeMirror\TimeMirror\AndroidManifest.xml:20:5-67
	android:name
		ADDED from TimeMirror\TimeMirror\AndroidManifest.xml:20:22-64
uses-permission#android.permission.SYSTEM_ALERT_WINDOW
ADDED from TimeMirror\TimeMirror\AndroidManifest.xml:22:5-78
	android:name
		ADDED from TimeMirror\TimeMirror\AndroidManifest.xml:22:22-75
application
ADDED from TimeMirror\TimeMirror\AndroidManifest.xml:24:5-97:19
	android:label
		ADDED from TimeMirror\TimeMirror\AndroidManifest.xml:28:9-41
	android:allowBackup
		ADDED from TimeMirror\TimeMirror\AndroidManifest.xml:26:9-35
	android:icon
		ADDED from TimeMirror\TimeMirror\AndroidManifest.xml:27:9-45
	android:theme
		ADDED from TimeMirror\TimeMirror\AndroidManifest.xml:29:9-40
	android:name
		ADDED from TimeMirror\TimeMirror\AndroidManifest.xml:25:9-56
uses-library#android.test.runner
ADDED from TimeMirror\TimeMirror\AndroidManifest.xml:32:9-60
	android:name
		ADDED from TimeMirror\TimeMirror\AndroidManifest.xml:32:23-57
activity#com.zp.quickaccess.ui.SplashActivity
ADDED from TimeMirror\TimeMirror\AndroidManifest.xml:35:9-43:20
	android:label
		ADDED from TimeMirror\TimeMirror\AndroidManifest.xml:37:13-45
	android:name
		ADDED from TimeMirror\TimeMirror\AndroidManifest.xml:36:13-64
intent-filter#android.intent.action.MAIN+android.intent.category.LAUNCHER
ADDED from TimeMirror\TimeMirror\AndroidManifest.xml:38:13-42:29
action#android.intent.action.MAIN
ADDED from TimeMirror\TimeMirror\AndroidManifest.xml:39:17-69
	android:name
		ADDED from TimeMirror\TimeMirror\AndroidManifest.xml:39:25-66
category#android.intent.category.LAUNCHER
ADDED from TimeMirror\TimeMirror\AndroidManifest.xml:41:17-77
	android:name
		ADDED from TimeMirror\TimeMirror\AndroidManifest.xml:41:27-74
activity#com.zp.quickaccess.ui.MainActivity
ADDED from TimeMirror\TimeMirror\AndroidManifest.xml:46:9-47:20
	android:name
		ADDED from TimeMirror\TimeMirror\AndroidManifest.xml:46:19-68
activity#com.zp.quickaccess.ui.HelpActivity
ADDED from TimeMirror\TimeMirror\AndroidManifest.xml:50:9-51:20
	android:name
		ADDED from TimeMirror\TimeMirror\AndroidManifest.xml:50:19-68
activity#com.zp.quickaccess.ui.HelpPager
ADDED from TimeMirror\TimeMirror\AndroidManifest.xml:52:9-53:20
	android:name
		ADDED from TimeMirror\TimeMirror\AndroidManifest.xml:52:19-65
activity#com.zp.quickaccess.ui.SettingActivity
ADDED from TimeMirror\TimeMirror\AndroidManifest.xml:56:9-57:20
	android:name
		ADDED from TimeMirror\TimeMirror\AndroidManifest.xml:56:19-71
activity#com.zp.quickaccess.ui.AppManageActivity
ADDED from TimeMirror\TimeMirror\AndroidManifest.xml:60:9-61:20
	android:name
		ADDED from TimeMirror\TimeMirror\AndroidManifest.xml:60:19-73
activity#com.zp.quickaccess.ui.ViewAppStaticsActivity
ADDED from TimeMirror\TimeMirror\AndroidManifest.xml:64:9-65:20
	android:name
		ADDED from TimeMirror\TimeMirror\AndroidManifest.xml:64:19-78
activity#com.zp.quickaccess.ui.AboutAuthorActivity
ADDED from TimeMirror\TimeMirror\AndroidManifest.xml:68:9-69:20
	android:name
		ADDED from TimeMirror\TimeMirror\AndroidManifest.xml:68:19-75
activity#com.zp.quickaccess.ui.AboutAppActivity
ADDED from TimeMirror\TimeMirror\AndroidManifest.xml:71:9-72:20
	android:name
		ADDED from TimeMirror\TimeMirror\AndroidManifest.xml:71:19-72
service#com.zp.quickaccess.service.WatchdogService
ADDED from TimeMirror\TimeMirror\AndroidManifest.xml:75:9-76:19
	android:name
		ADDED from TimeMirror\TimeMirror\AndroidManifest.xml:75:18-75
service#com.zp.quickaccess.service.FloatViewService
ADDED from TimeMirror\TimeMirror\AndroidManifest.xml:78:9-79:19
	android:name
		ADDED from TimeMirror\TimeMirror\AndroidManifest.xml:78:18-76
receiver#com.zp.quickaccess.receiver.UnlockScreenReceiver
ADDED from TimeMirror\TimeMirror\AndroidManifest.xml:82:9-86:20
	android:name
		ADDED from TimeMirror\TimeMirror\AndroidManifest.xml:82:19-82
intent-filter#android.intent.action.USER_PRESENT
ADDED from TimeMirror\TimeMirror\AndroidManifest.xml:83:13-85:29
action#android.intent.action.USER_PRESENT
ADDED from TimeMirror\TimeMirror\AndroidManifest.xml:84:17-76
	android:name
		ADDED from TimeMirror\TimeMirror\AndroidManifest.xml:84:25-74
receiver#com.zp.quickaccess.receiver.InstallerBroadcastReceiver
ADDED from TimeMirror\TimeMirror\AndroidManifest.xml:88:9-95:20
	android:name
		ADDED from TimeMirror\TimeMirror\AndroidManifest.xml:88:19-88
intent-filter#android.intent.action.PACKAGE_ADDED+android.intent.action.PACKAGE_REMOVED
ADDED from TimeMirror\TimeMirror\AndroidManifest.xml:89:13-94:29
action#android.intent.action.PACKAGE_ADDED
ADDED from TimeMirror\TimeMirror\AndroidManifest.xml:90:17-78
	android:name
		ADDED from TimeMirror\TimeMirror\AndroidManifest.xml:90:25-75
action#android.intent.action.PACKAGE_REMOVED
ADDED from TimeMirror\TimeMirror\AndroidManifest.xml:91:17-80
	android:name
		ADDED from TimeMirror\TimeMirror\AndroidManifest.xml:91:25-77
data
ADDED from TimeMirror\TimeMirror\AndroidManifest.xml:93:17-50
	android:scheme
		ADDED from TimeMirror\TimeMirror\AndroidManifest.xml:93:23-47